c:\users\bgonzales\documents\github\iocphttpd\obj\database_l\win32\debug\database_l.pch
c:\users\bgonzales\documents\github\iocphttpd\obj\database_l\win32\debug\vc120.pdb
c:\users\bgonzales\documents\github\iocphttpd\obj\database_l\win32\debug\vc120.idb
c:\users\bgonzales\documents\github\iocphttpd\obj\database_l\win32\debug\stdafx.obj
c:\users\bgonzales\documents\github\iocphttpd\obj\database_l\win32\debug\record_iterator.obj
c:\users\bgonzales\documents\github\iocphttpd\obj\database_l\win32\debug\sequential_file.obj
c:\users\bgonzales\documents\github\iocphttpd\obj\database_l\win32\debug\sequential_file_test.obj
c:\users\bgonzales\documents\github\iocphttpd\obj\database_l\win32\debug\log_index.obj
c:\users\bgonzales\documents\github\iocphttpd\obj\database_l\win32\debug\log_index_test.obj
c:\users\bgonzales\documents\github\iocphttpd\obj\database_l\win32\debug\lookup_iterator.obj
c:\users\bgonzales\documents\github\iocphttpd\obj\database_l\win32\debug\lookup_iterator_test.obj
c:\users\bgonzales\documents\github\iocphttpd\obj\database_l\win32\debug\merged_index.obj
c:\users\bgonzales\documents\github\iocphttpd\obj\database_l\win32\debug\merged_index_test.obj
c:\users\bgonzales\documents\github\iocphttpd\obj\database_l\win32\debug\string_db.obj
c:\users\bgonzales\documents\github\iocphttpd\obj\database_l\win32\debug\string_db_test.obj
c:\users\bgonzales\documents\github\iocphttpd\obj\database_l\win32\debug\test_main.obj
c:\users\bgonzales\documents\github\iocphttpd\obj\database_l\win32\debug\util.obj
c:\users\bgonzales\documents\github\iocphttpd\obj\database_l\win32\debug\directory_walker.obj
c:\users\bgonzales\documents\github\iocphttpd\obj\database_l\win32\debug\disk_operations.obj
c:\users\bgonzales\documents\github\iocphttpd\obj\database_l\win32\debug\file.obj
c:\users\bgonzales\documents\github\iocphttpd\obj\database_l\win32\debug\memory_mapped_file.obj
c:\users\bgonzales\documents\github\iocphttpd\obj\database_l\win32\debug\path.obj
c:\users\bgonzales\documents\github\iocphttpd\obj\database_l\win32\debug\platform_exception.obj
c:\users\bgonzales\documents\github\iocphttpd\obj\database_l\win32\debug\stat.obj
c:\users\bgonzales\documents\github\iocphttpd\obj\database_l\win32\debug\database.obj
c:\users\bgonzales\documents\github\iocphttpd\obj\database_l\win32\debug\database_test.obj
c:\users\bgonzales\documents\github\iocphttpd\obj\database_l\win32\debug\index.obj
c:\users\bgonzales\documents\github\iocphttpd\obj\database_l\win32\debug\index_test.obj
c:\users\bgonzales\documents\github\iocphttpd\obj\database_l\win32\debug\index_writer.obj
c:\users\bgonzales\documents\github\iocphttpd\obj\database_l\win32\debug\index_writer_test.obj
c:\users\bgonzales\documents\github\iocphttpd\obj\database_l\win32\debug\merger.obj
c:\users\bgonzales\documents\github\iocphttpd\obj\database_l\win32\debug\log.obj
c:\users\bgonzales\documents\github\iocphttpd\obj\database_l\win32\debug\log_iterator.obj
c:\users\bgonzales\documents\github\iocphttpd\obj\database_l\win32\debug\log_iterator_test.obj
c:\users\bgonzales\documents\github\iocphttpd\obj\database_l\win32\debug\log_section.obj
c:\users\bgonzales\documents\github\iocphttpd\obj\database_l\win32\debug\log_section_iterator.obj
c:\users\bgonzales\documents\github\iocphttpd\obj\database_l\win32\debug\log_storage.obj
c:\users\bgonzales\documents\github\iocphttpd\obj\database_l\win32\debug\log_test.obj
c:\users\bgonzales\documents\github\iocphttpd\obj\database_l\win32\debug\record_frame.obj
c:\users\bgonzales\documents\github\iocphttpd\lib\win32\debug\database_l.lib
c:\users\bgonzales\documents\github\iocphttpd\\lib\win32\debug\database_l.lib
c:\users\bgonzales\documents\github\iocphttpd\obj\database_l\win32\debug\database_l.tlog\cl.command.1.tlog
c:\users\bgonzales\documents\github\iocphttpd\obj\database_l\win32\debug\database_l.tlog\cl.read.1.tlog
c:\users\bgonzales\documents\github\iocphttpd\obj\database_l\win32\debug\database_l.tlog\cl.write.1.tlog
c:\users\bgonzales\documents\github\iocphttpd\obj\database_l\win32\debug\database_l.tlog\lib-link.read.1.tlog
c:\users\bgonzales\documents\github\iocphttpd\obj\database_l\win32\debug\database_l.tlog\lib-link.write.1.tlog
c:\users\bgonzales\documents\github\iocphttpd\obj\database_l\win32\debug\database_l.tlog\lib.command.1.tlog
