c:\users\bbgonzax\appdata\local\iocphttpd.03\iocphttpl\httpparser.tab.cpp
c:\users\bbgonzax\appdata\local\iocphttpd.03\iocphttpl\jsonp.tab.cpp
c:\users\bbgonzax\appdata\local\iocphttpd.03\iocphttpl\httpparser.flex.cpp
c:\users\bbgonzax\appdata\local\iocphttpd.03\iocphttpl\jsonp.flex.cpp
c:\users\bbgonzax\appdata\local\iocphttpd.03\iocphttpl\debug\iocphttpl.pch
c:\users\bbgonzax\appdata\local\iocphttpd.03\iocphttpl\debug\vc120.pdb
c:\users\bbgonzax\appdata\local\iocphttpd.03\iocphttpl\debug\vc120.idb
c:\users\bbgonzax\appdata\local\iocphttpd.03\iocphttpl\debug\stdafx.obj
c:\users\bbgonzax\appdata\local\iocphttpd.03\iocphttpl\debug\dllmain.obj
c:\users\bbgonzax\appdata\local\iocphttpd.03\iocphttpl\debug\hparser.obj
c:\users\bbgonzax\appdata\local\iocphttpd.03\iocphttpl\debug\httpheader.obj
c:\users\bbgonzax\appdata\local\iocphttpd.03\iocphttpl\debug\httpparser.flex.obj
c:\users\bbgonzax\appdata\local\iocphttpd.03\iocphttpl\debug\httpparser.tab.obj
c:\users\bbgonzax\appdata\local\iocphttpd.03\iocphttpl\debug\httprequest.obj
c:\users\bbgonzax\appdata\local\iocphttpd.03\iocphttpl\debug\httpresponse.obj
c:\users\bbgonzax\appdata\local\iocphttpd.03\iocphttpl\debug\httptemplate.obj
c:\users\bbgonzax\appdata\local\iocphttpd.03\iocphttpl\debug\httpurlroute.obj
c:\users\bbgonzax\appdata\local\iocphttpd.03\iocphttpl\debug\iocphttpl.obj
c:\users\bbgonzax\appdata\local\iocphttpd.03\iocphttpl\debug\jsonp.obj
c:\users\bbgonzax\appdata\local\iocphttpd.03\iocphttpl\debug\jsonp.flex.obj
c:\users\bbgonzax\appdata\local\iocphttpd.03\iocphttpl\debug\jsonp.tab.obj
c:\users\bbgonzax\appdata\local\iocphttpd.03\iocphttpl\debug\parserheader.obj
c:\users\bbgonzax\appdata\local\iocphttpd.03\iocphttpl\debug\socketcompletionportserver.obj
c:\users\bbgonzax\appdata\local\iocphttpd.03\iocphttpl\debug\parser1.obj
c:\users\bbgonzax\appdata\local\iocphttpd.03\lib\win32\debug\iocphttpl.lib
c:\users\bbgonzax\appdata\local\iocphttpd.03\lib\win32\debug\iocphttpl.exp
c:\users\bbgonzax\appdata\local\iocphttpd.03\iocphttpl\debug\iocphttpl.write.1.tlog
c:\users\bbgonzax\appdata\local\iocphttpd.03\\lib\win32\debug\iocphttpl.pdb
c:\users\bbgonzax\appdata\local\iocphttpd.03\\lib\win32\debug\iocphttpl.dll
c:\users\bbgonzax\appdata\local\iocphttpd.03\\lib\win32\debug\iocphttpl.ilk
c:\users\bbgonzax\appdata\local\iocphttpd.03\iocphttpl\debug\iocphttpl.tlog\cl.command.1.tlog
c:\users\bbgonzax\appdata\local\iocphttpd.03\iocphttpl\debug\iocphttpl.tlog\cl.read.1.tlog
c:\users\bbgonzax\appdata\local\iocphttpd.03\iocphttpl\debug\iocphttpl.tlog\cl.write.1.tlog
c:\users\bbgonzax\appdata\local\iocphttpd.03\iocphttpl\debug\iocphttpl.tlog\iocphttpl.write.1u.tlog
c:\users\bbgonzax\appdata\local\iocphttpd.03\iocphttpl\debug\iocphttpl.tlog\link.command.1.tlog
c:\users\bbgonzax\appdata\local\iocphttpd.03\iocphttpl\debug\iocphttpl.tlog\link.read.1.tlog
c:\users\bbgonzax\appdata\local\iocphttpd.03\iocphttpl\debug\iocphttpl.tlog\link.write.1.tlog
