  Process "httpparser.y" bison file
  Process "jsonp.y" bison file
  jsonp.tab.cpp
c:\users\bbgonzax\appdata\local\iocphttpd.03\iocphttpl\jsonp.tab.cpp(1142): warning C4065: switch statement contains 'default' but no 'case' labels
  httpparser.tab.cpp
c:\users\bbgonzax\appdata\local\iocphttpd.03\iocphttpl\httpparser.tab.cpp(1153): warning C4065: switch statement contains 'default' but no 'case' labels
  httpparser.flex.cpp
  Generating Code...
  Compiling...
  jsonp.flex.cpp
  Generating Code...
  Skipping... (no relevant changes detected)
  SocketCompletionPortServer.cpp
  Jsonp.cpp
  HttpRequest.cpp
  HParser.cpp
     Creating library C:\Users\bbgonzaX\AppData\Local\iocphttpd.03\\lib\Win32\Debug\iocphttpl.lib and object C:\Users\bbgonzaX\AppData\Local\iocphttpd.03\\lib\Win32\Debug\iocphttpl.exp
HttpRequest.obj : warning LNK4217: locally defined symbol ??0HttpHeader@@QAE@XZ (public: __thiscall HttpHeader::HttpHeader(void)) imported in function "public: __thiscall HttpRequest::HttpRequest(void)" (??0HttpRequest@@QAE@XZ)
HttpResponse.obj : warning LNK4049: locally defined symbol ??0HttpHeader@@QAE@XZ (public: __thiscall HttpHeader::HttpHeader(void)) imported
HttpRequest.obj : warning LNK4217: locally defined symbol ??1HttpHeader@@QAE@XZ (public: __thiscall HttpHeader::~HttpHeader(void)) imported in function "public: __thiscall HttpRequest::~HttpRequest(void)" (??1HttpRequest@@QAE@XZ)
HttpResponse.obj : warning LNK4049: locally defined symbol ??1HttpHeader@@QAE@XZ (public: __thiscall HttpHeader::~HttpHeader(void)) imported
HttpRequest.obj : warning LNK4217: locally defined symbol ?Parse@HttpHeader@@QAEXPAD@Z (public: void __thiscall HttpHeader::Parse(char *)) imported in function "public: void __thiscall HttpRequest::Parse(char *)" (?Parse@HttpRequest@@QAEXPAD@Z)
HttpRequest.obj : warning LNK4217: locally defined symbol ?GetMethod@HttpHeader@@QAE?AW4MethodType@@XZ (public: enum MethodType __thiscall HttpHeader::GetMethod(void)) imported in function "public: enum MethodType __thiscall HttpRequest::GetMethod(void)" (?GetMethod@HttpRequest@@QAE?AW4MethodType@@XZ)
HttpRequest.obj : warning LNK4217: locally defined symbol ?GetUrl@HttpHeader@@QAEPADXZ (public: char * __thiscall HttpHeader::GetUrl(void)) imported in function "public: char * __thiscall HttpRequest::GetUrl(void)" (?GetUrl@HttpRequest@@QAEPADXZ)
HttpRequest.obj : warning LNK4217: locally defined symbol ??0HParser@headerparser@@QAE@XZ (public: __thiscall headerparser::HParser::HParser(void)) imported in function "public: __thiscall HttpRequest::HttpRequest(void)" (??0HttpRequest@@QAE@XZ)
HttpRequest.obj : warning LNK4217: locally defined symbol ??1HParser@headerparser@@QAE@XZ (public: __thiscall headerparser::HParser::~HParser(void)) imported in function __unwindfunclet$??0HttpRequest@@QAE@XZ$1
HttpRequest.obj : warning LNK4217: locally defined symbol ?Parse@HParser@headerparser@@QAEXPAD@Z (public: void __thiscall headerparser::HParser::Parse(char *)) imported in function "public: void __thiscall HttpRequest::Parse(char *)" (?Parse@HttpRequest@@QAEXPAD@Z)
HttpRequest.obj : warning LNK4217: locally defined symbol ?GetUrl@HParser@headerparser@@QAEPADXZ (public: char * __thiscall headerparser::HParser::GetUrl(void)) imported in function "public: char * __thiscall HttpRequest::GetUrl(void)" (?GetUrl@HttpRequest@@QAEPADXZ)
HttpRequest.obj : warning LNK4217: locally defined symbol ??0HttpTemplate@@QAE@XZ (public: __thiscall HttpTemplate::HttpTemplate(void)) imported in function "public: __thiscall HttpRequest::HttpRequest(void)" (??0HttpRequest@@QAE@XZ)
HttpResponse.obj : warning LNK4049: locally defined symbol ??0HttpTemplate@@QAE@XZ (public: __thiscall HttpTemplate::HttpTemplate(void)) imported
HttpRequest.obj : warning LNK4217: locally defined symbol ??1HttpTemplate@@QAE@XZ (public: __thiscall HttpTemplate::~HttpTemplate(void)) imported in function __unwindfunclet$??0HttpRequest@@QAE@XZ$0
HttpResponse.obj : warning LNK4049: locally defined symbol ??1HttpTemplate@@QAE@XZ (public: __thiscall HttpTemplate::~HttpTemplate(void)) imported
HttpResponse.obj : warning LNK4217: locally defined symbol ?GetTemplateContent@HttpTemplate@@QAE?AV?$basic_string@DU?$char_traits@D@std@@V?$allocator@D@2@@std@@PAD@Z (public: class std::basic_string<char,struct std::char_traits<char>,class std::allocator<char> > __thiscall HttpTemplate::GetTemplateContent(char *)) imported in function "public: void __thiscall HttpResponse::WriteTemplate(char *)" (?WriteTemplate@HttpResponse@@QAEXPAD@Z)
HttpResponse.obj : warning LNK4217: locally defined symbol ?GetTemplateFilepath@HttpTemplate@@QAE?AV?$basic_string@DU?$char_traits@D@std@@V?$allocator@D@2@@std@@PAD@Z (public: class std::basic_string<char,struct std::char_traits<char>,class std::allocator<char> > __thiscall HttpTemplate::GetTemplateFilepath(char *)) imported in function "public: void __thiscall HttpResponse::WriteTemplate(char *)" (?WriteTemplate@HttpResponse@@QAEXPAD@Z)
SocketCompletionPortServer.obj : warning LNK4217: locally defined symbol ??0HttpRequest@@QAE@XZ (public: __thiscall HttpRequest::HttpRequest(void)) imported in function "private: static unsigned long __stdcall SocketCompletionPortServer::ServerWorkerThread(void *)" (?ServerWorkerThread@SocketCompletionPortServer@@CGKPAX@Z)
SocketCompletionPortServer.obj : warning LNK4217: locally defined symbol ??1HttpRequest@@QAE@XZ (public: __thiscall HttpRequest::~HttpRequest(void)) imported in function "private: static unsigned long __stdcall SocketCompletionPortServer::ServerWorkerThread(void *)" (?ServerWorkerThread@SocketCompletionPortServer@@CGKPAX@Z)
SocketCompletionPortServer.obj : warning LNK4217: locally defined symbol ?Parse@HttpRequest@@QAEXPAD@Z (public: void __thiscall HttpRequest::Parse(char *)) imported in function "private: static unsigned long __stdcall SocketCompletionPortServer::ServerWorkerThread(void *)" (?ServerWorkerThread@SocketCompletionPortServer@@CGKPAX@Z)
SocketCompletionPortServer.obj : warning LNK4217: locally defined symbol ?GetUrl@HttpRequest@@QAEPADXZ (public: char * __thiscall HttpRequest::GetUrl(void)) imported in function "public: virtual void __thiscall SocketCompletionPortServer::Dispatch(class HttpRequest *,class HttpResponse *)" (?Dispatch@SocketCompletionPortServer@@UAEXPAVHttpRequest@@PAVHttpResponse@@@Z)
SocketCompletionPortServer.obj : warning LNK4217: locally defined symbol ?GetMethod@HttpRequest@@QAE?AW4MethodType@@XZ (public: enum MethodType __thiscall HttpRequest::GetMethod(void)) imported in function "public: virtual void __thiscall SocketCompletionPortServer::Dispatch(class HttpRequest *,class HttpResponse *)" (?Dispatch@SocketCompletionPortServer@@UAEXPAVHttpRequest@@PAVHttpResponse@@@Z)
SocketCompletionPortServer.obj : warning LNK4217: locally defined symbol ??0HttpResponse@@QAE@XZ (public: __thiscall HttpResponse::HttpResponse(void)) imported in function "private: static unsigned long __stdcall SocketCompletionPortServer::ServerWorkerThread(void *)" (?ServerWorkerThread@SocketCompletionPortServer@@CGKPAX@Z)
SocketCompletionPortServer.obj : warning LNK4217: locally defined symbol ??1HttpResponse@@QAE@XZ (public: __thiscall HttpResponse::~HttpResponse(void)) imported in function "private: static unsigned long __stdcall SocketCompletionPortServer::ServerWorkerThread(void *)" (?ServerWorkerThread@SocketCompletionPortServer@@CGKPAX@Z)
SocketCompletionPortServer.obj : warning LNK4217: locally defined symbol ?Write@HttpResponse@@QAEXPBD@Z (public: void __thiscall HttpResponse::Write(char const *)) imported in function "private: static unsigned long __stdcall SocketCompletionPortServer::ServerWorkerThread(void *)" (?ServerWorkerThread@SocketCompletionPortServer@@CGKPAX@Z)
SocketCompletionPortServer.obj : warning LNK4217: locally defined symbol ?GetResponse@HttpResponse@@QAEXPADPAV?$vector@EV?$allocator@E@std@@@std@@K@Z (public: void __thiscall HttpResponse::GetResponse(char *,class std::vector<unsigned char,class std::allocator<unsigned char> > *,unsigned long)) imported in function "private: static unsigned long __stdcall SocketCompletionPortServer::ServerWorkerThread(void *)" (?ServerWorkerThread@SocketCompletionPortServer@@CGKPAX@Z)
SocketCompletionPortServer.obj : warning LNK4217: locally defined symbol ?SetStaticFileName@HttpResponse@@QAEXV?$basic_string@DU?$char_traits@D@std@@V?$allocator@D@2@@std@@@Z (public: void __thiscall HttpResponse::SetStaticFileName(class std::basic_string<char,struct std::char_traits<char>,class std::allocator<char> >)) imported in function "public: virtual void __thiscall SocketCompletionPortServer::EvalStatic(class HttpRequest *,class HttpResponse *)" (?EvalStatic@SocketCompletionPortServer@@UAEXPAVHttpRequest@@PAVHttpResponse@@@Z)
SocketCompletionPortServer.obj : warning LNK4217: locally defined symbol ?WriteStatic@HttpResponse@@QAEXPBD@Z (public: void __thiscall HttpResponse::WriteStatic(char const *)) imported in function "public: virtual void __thiscall SocketCompletionPortServer::EvalStatic(class HttpRequest *,class HttpResponse *)" (?EvalStatic@SocketCompletionPortServer@@UAEXPAVHttpRequest@@PAVHttpResponse@@@Z)
SocketCompletionPortServer.obj : warning LNK4217: locally defined symbol ??0HttpUrlRoute@@QAE@XZ (public: __thiscall HttpUrlRoute::HttpUrlRoute(void)) imported in function "public: __thiscall SocketCompletionPortServer::SocketCompletionPortServer(int)" (??0SocketCompletionPortServer@@QAE@H@Z)
SocketCompletionPortServer.obj : warning LNK4217: locally defined symbol ??1HttpUrlRoute@@QAE@XZ (public: __thiscall HttpUrlRoute::~HttpUrlRoute(void)) imported in function "public: __thiscall SocketCompletionPortServer::~SocketCompletionPortServer(void)" (??1SocketCompletionPortServer@@QAE@XZ)
SocketCompletionPortServer.obj : warning LNK4217: locally defined symbol ?GetRoute@HttpUrlRoute@@QAEPAXPAD@Z (public: void * __thiscall HttpUrlRoute::GetRoute(char *)) imported in function "public: virtual void __thiscall SocketCompletionPortServer::Dispatch(class HttpRequest *,class HttpResponse *)" (?Dispatch@SocketCompletionPortServer@@UAEXPAVHttpRequest@@PAVHttpResponse@@@Z)
SocketCompletionPortServer.obj : warning LNK4217: locally defined symbol ?IsStatic@HttpUrlRoute@@QAE_NPAD@Z (public: bool __thiscall HttpUrlRoute::IsStatic(char *)) imported in function "public: virtual void __thiscall SocketCompletionPortServer::Dispatch(class HttpRequest *,class HttpResponse *)" (?Dispatch@SocketCompletionPortServer@@UAEXPAVHttpRequest@@PAVHttpResponse@@@Z)
SocketCompletionPortServer.obj : warning LNK4217: locally defined symbol ?GetFullPath@HttpUrlRoute@@QAE?AV?$basic_string@DU?$char_traits@D@std@@V?$allocator@D@2@@std@@PAD@Z (public: class std::basic_string<char,struct std::char_traits<char>,class std::allocator<char> > __thiscall HttpUrlRoute::GetFullPath(char *)) imported in function "public: virtual void __thiscall SocketCompletionPortServer::EvalStatic(class HttpRequest *,class HttpResponse *)" (?EvalStatic@SocketCompletionPortServer@@UAEXPAVHttpRequest@@PAVHttpResponse@@@Z)
HParser.obj : error LNK2019: unresolved external symbol "int __cdecl hpparse(void)" (?hpparse@@YAHXZ) referenced in function "public: void __thiscall headerparser::HParser::Parse(void)" (?Parse@HParser@headerparser@@QAEXXZ)
httpparser.flex.obj : error LNK2019: unresolved external symbol _hpwrap referenced in function "int __cdecl hplex(union HPSTYPE *,void *)" (?hplex@@YAHPATHPSTYPE@@PAX@Z)
httpparser.tab.obj : error LNK2001: unresolved external symbol "int hplineno" (?hplineno@@3HA)
httpparser.tab.obj : error LNK2001: unresolved external symbol "char * hptext" (?hptext@@3PADA)
jsonp.flex.obj : error LNK2019: unresolved external symbol _jpwrap referenced in function "int __cdecl jplex(union JPSTYPE *,void *)" (?jplex@@YAHPATJPSTYPE@@PAX@Z)
jsonp.tab.obj : error LNK2001: unresolved external symbol "int jplineno" (?jplineno@@3HA)
jsonp.tab.obj : error LNK2001: unresolved external symbol "char * jptext" (?jptext@@3PADA)
SocketCompletionPortServer.obj : error LNK2019: unresolved external symbol "__declspec(dllimport) const SocketCompletionPortServer::`vftable'" (__imp_??_7SocketCompletionPortServer@@6B@) referenced in function "public: __thiscall SocketCompletionPortServer::SocketCompletionPortServer(int)" (??0SocketCompletionPortServer@@QAE@H@Z)
C:\Users\bbgonzaX\AppData\Local\iocphttpd.03\\lib\Win32\Debug\iocphttpl.dll : fatal error LNK1120: 8 unresolved externals
